\BOOKMARK [1][-]{section.1}{Introduction}{}% 1
\BOOKMARK [1][-]{section.2}{Related work}{}% 2
\BOOKMARK [2][-]{subsection.2.1}{Approaches}{section.2}% 3
\BOOKMARK [2][-]{subsection.2.2}{Problems}{section.2}% 4
\BOOKMARK [1][-]{section.3}{Proposed approach}{}% 5
\BOOKMARK [2][-]{subsection.3.1}{Background}{section.3}% 6
\BOOKMARK [2][-]{subsection.3.2}{Contributions}{section.3}% 7
\BOOKMARK [1][-]{section.4}{Proposed model}{}% 8
\BOOKMARK [2][-]{subsection.4.1}{Transport infrastructures}{section.4}% 9
\BOOKMARK [2][-]{subsection.4.2}{Vehicles \(i.e. electric vehicles\)}{section.4}% 10
\BOOKMARK [2][-]{subsection.4.3}{Collisions}{section.4}% 11
\BOOKMARK [2][-]{subsection.4.4}{Power infrastructures}{section.4}% 12
\BOOKMARK [2][-]{subsection.4.5}{Charging stations}{section.4}% 13
\BOOKMARK [2][-]{subsection.4.6}{Energy storages}{section.4}% 14
\BOOKMARK [2][-]{subsection.4.7}{Power generators}{section.4}% 15
\BOOKMARK [2][-]{subsection.4.8}{Static \(i.e. non-controllable\) loads}{section.4}% 16
\BOOKMARK [2][-]{subsection.4.9}{Contraints}{section.4}% 17
\BOOKMARK [2][-]{subsection.4.10}{Objectives}{section.4}% 18
\BOOKMARK [1][-]{section.5}{Case Study}{}% 19
\BOOKMARK [1][-]{section.6}{Discussion}{}% 20
\BOOKMARK [1][-]{section.7}{Conclusion}{}% 21
\BOOKMARK [1][-]{section*.2}{References}{}% 22
